0 info it worked if it ends with ok
1 verbose cli [ '/Users/alastairoshea/.nvm/versions/node/v6.9.3/bin/node',
1 verbose cli   '/Users/alastairoshea/.nvm/versions/node/v6.9.3/bin/npm',
1 verbose cli   'start' ]
2 info using npm@3.10.10
3 info using node@v6.9.3
4 verbose run-script [ 'prestart', 'start', 'poststart' ]
5 info lifecycle portfolio@0.0.1~prestart: portfolio@0.0.1
6 silly lifecycle portfolio@0.0.1~prestart: no script for prestart, continuing
7 info lifecycle portfolio@0.0.1~start: portfolio@0.0.1
8 verbose lifecycle portfolio@0.0.1~start: unsafe-perm in lifecycle true
9 verbose lifecycle portfolio@0.0.1~start: PATH: /Users/alastairoshea/.nvm/versions/node/v6.9.3/lib/node_modules/npm/bin/node-gyp-bin:/Users/alastairoshea/Documents/portfolio/node_modules/.bin:/Users/alastairoshea/.nvm/versions/node/v6.9.3/bin:/usr/local/heroku/bin:/Users/alastairoshea/.rbenv/shims:/usr/local/bin:/usr/bin:/bin:/usr/sbin:/sbin:/opt/X11/bin:/Applications/MAMP/Library/bin:/usr/local/lib/python3.5/site-packages
10 verbose lifecycle portfolio@0.0.1~start: CWD: /Users/alastairoshea/Documents/portfolio
11 silly lifecycle portfolio@0.0.1~start: Args: [ '-c',
11 silly lifecycle   'npm run build && npm-run-all --parallel livereload build:watch server' ]
12 silly lifecycle portfolio@0.0.1~start: Returned: code: 1  signal: null
13 info lifecycle portfolio@0.0.1~start: Failed to exec start script
14 verbose stack Error: portfolio@0.0.1 start: `npm run build && npm-run-all --parallel livereload build:watch server`
14 verbose stack Exit status 1
14 verbose stack     at EventEmitter.<anonymous> (/Users/alastairoshea/.nvm/versions/node/v6.9.3/lib/node_modules/npm/lib/utils/lifecycle.js:255:16)
14 verbose stack     at emitTwo (events.js:106:13)
14 verbose stack     at EventEmitter.emit (events.js:191:7)
14 verbose stack     at ChildProcess.<anonymous> (/Users/alastairoshea/.nvm/versions/node/v6.9.3/lib/node_modules/npm/lib/utils/spawn.js:40:14)
14 verbose stack     at emitTwo (events.js:106:13)
14 verbose stack     at ChildProcess.emit (events.js:191:7)
14 verbose stack     at maybeClose (internal/child_process.js:877:16)
14 verbose stack     at Process.ChildProcess._handle.onexit (internal/child_process.js:226:5)
15 verbose pkgid portfolio@0.0.1
16 verbose cwd /Users/alastairoshea/Documents/portfolio
17 error Darwin 16.0.0
18 error argv "/Users/alastairoshea/.nvm/versions/node/v6.9.3/bin/node" "/Users/alastairoshea/.nvm/versions/node/v6.9.3/bin/npm" "start"
19 error node v6.9.3
20 error npm  v3.10.10
21 error code ELIFECYCLE
22 error portfolio@0.0.1 start: `npm run build && npm-run-all --parallel livereload build:watch server`
22 error Exit status 1
23 error Failed at the portfolio@0.0.1 start script 'npm run build && npm-run-all --parallel livereload build:watch server'.
23 error Make sure you have the latest version of node.js and npm installed.
23 error If you do, this is most likely a problem with the portfolio package,
23 error not with npm itself.
23 error Tell the author that this fails on your system:
23 error     npm run build && npm-run-all --parallel livereload build:watch server
23 error You can get information on how to open an issue for this project with:
23 error     npm bugs portfolio
23 error Or if that isn't available, you can get their info via:
23 error     npm owner ls portfolio
23 error There is likely additional logging output above.
24 verbose exit [ 1, true ]
